<?xml version="1.0" encoding="UTF-8"?>
<!-- Generated by org.testng.reporters.JUnitReportReporter -->
<testsuite skipped="0" hostname="LAPTOP-4OEMENP0" name="FrameWork.TestNG.LoginTest" tests="3" failures="0" timestamp="02 Jun 2019 15:44:25 GMT" time="27.732" errors="0">
  <testcase name="testLogIn2" time="7.901" classname="FrameWork.TestNG.LoginTest"/>
  <testcase name="testLogIn" time="10.143" classname="FrameWork.TestNG.LoginTest"/>
  <testcase name="testLogIn" time="9.688" classname="FrameWork.TestNG.LoginTest"/>
</testsuite> <!-- FrameWork.TestNG.LoginTest -->
