<?xml version="1.0" encoding="UTF-8"?>
<!-- Generated by org.testng.reporters.JUnitReportReporter -->
<testsuite skipped="0" hostname="LAPTOP-4OEMENP0" name="FrameWork.TestNG.Practice2" tests="5" failures="0" timestamp="02 Jun 2019 16:48:15 GMT" time="41.884" errors="0">
  <testcase name="shoppingCartTest" time="6.762" classname="FrameWork.TestNG.Practice2"/>
  <testcase name="loginScenario1" time="7.943" classname="FrameWork.TestNG.Practice2"/>
  <testcase name="loginScenario2" time="8.363" classname="FrameWork.TestNG.Practice2"/>
  <testcase name="loginScenario3" time="8.657" classname="FrameWork.TestNG.Practice2"/>
  <testcase name="loginScenario4" time="10.159" classname="FrameWork.TestNG.Practice2"/>
</testsuite> <!-- FrameWork.TestNG.Practice2 -->
