<?xml version="1.0" encoding="UTF-8"?>
<!-- Generated by org.testng.reporters.JUnitReportReporter -->
<testsuite skipped="0" hostname="LAPTOP-4OEMENP0" name="FrameWork.TestNG.TestNGBasics" tests="2" failures="0" timestamp="01 Jun 2019 19:13:34 GMT" time="0.016" errors="0">
  <testcase name="testCase2" time="0.005" classname="FrameWork.TestNG.TestNGBasics"/>
  <testcase name="testCase" time="0.011" classname="FrameWork.TestNG.TestNGBasics"/>
</testsuite> <!-- FrameWork.TestNG.TestNGBasics -->
